app/build/intermediates/manifest_merge_blame_file/debug/manifest-merger-blame-debug-report.txt
1<?xml version="1.0" encoding="utf-8"?>
2<manifest xmlns:android="http://schemas.android.com/apk/res/android"
3    package="com.youtube.androidauto.browser"
4    android:versionCode="1"
5    android:versionName="1.0" >
6
7    <uses-sdk
8        android:minSdkVersion="29"
9        android:targetSdkVersion="34" />
10
11    <!-- Android Auto -->
12    <uses-feature
12-->src\main\AndroidManifest.xml:5:5-7:36
13        android:name="android.hardware.type.automotive"
13-->src\main\AndroidManifest.xml:6:9-56
14        android:required="false" />
14-->src\main\AndroidManifest.xml:7:9-33
15
16    <uses-permission android:name="android.permission.INTERNET" />
16-->src\main\AndroidManifest.xml:9:5-67
16-->src\main\AndroidManifest.xml:9:22-64
17    <uses-permission android:name="android.permission.ACCESS_NETWORK_STATE" />
17-->src\main\AndroidManifest.xml:10:5-79
17-->src\main\AndroidManifest.xml:10:22-76
18    <uses-permission android:name="androidx.car.app.ACCESS_SURFACE" />
18-->src\main\AndroidManifest.xml:11:5-71
18-->src\main\AndroidManifest.xml:11:22-68
19    <uses-permission android:name="androidx.car.app.NAVIGATION_TEMPLATES" />
19-->src\main\AndroidManifest.xml:12:5-77
19-->src\main\AndroidManifest.xml:12:22-74
20    <uses-permission android:name="android.car.permission.CAR_SPEED" />
20-->src\main\AndroidManifest.xml:13:5-72
20-->src\main\AndroidManifest.xml:13:22-69
21    <uses-permission android:name="android.car.permission.READ_CAR_SENSORS" />
21-->src\main\AndroidManifest.xml:14:5-79
21-->src\main\AndroidManifest.xml:14:22-76
22
23    <queries>
23-->[androidx.car.app:app:1.4.0] AndroidManifest.xml:23:5-28:15
24        <provider
24-->[androidx.car.app:app:1.4.0] AndroidManifest.xml:24:9-27:43
25            android:name="androidx.car.app.connection.provider"
25-->[androidx.car.app:app:1.4.0] AndroidManifest.xml:25:13-64
26            android:authorities="androidx.car.app.connection" />
26-->[androidx.car.app:app:1.4.0] AndroidManifest.xml:26:13-62
27    </queries>
28
29    <permission
29-->[androidx.core:core:1.12.0] AndroidManifest.xml:22:5-24:47
30        android:name="com.youtube.androidauto.browser.DYNAMIC_RECEIVER_NOT_EXPORTED_PERMISSION"
30-->[androidx.core:core:1.12.0] AndroidManifest.xml:23:9-81
31        android:protectionLevel="signature" />
31-->[androidx.core:core:1.12.0] AndroidManifest.xml:24:9-44
32
33    <uses-permission android:name="com.youtube.androidauto.browser.DYNAMIC_RECEIVER_NOT_EXPORTED_PERMISSION" />
33-->[androidx.core:core:1.12.0] AndroidManifest.xml:26:5-97
33-->[androidx.core:core:1.12.0] AndroidManifest.xml:26:22-94
34
35    <application
35-->src\main\AndroidManifest.xml:16:5-54:19
36        android:name="com.youtube.androidauto.browser.YouTubeBrowserApp"
36-->src\main\AndroidManifest.xml:17:9-42
37        android:allowBackup="true"
37-->src\main\AndroidManifest.xml:18:9-35
38        android:appComponentFactory="androidx.core.app.CoreComponentFactory"
38-->[androidx.core:core:1.12.0] AndroidManifest.xml:28:18-86
39        android:debuggable="true"
40        android:extractNativeLibs="false"
41        android:hardwareAccelerated="true"
41-->src\main\AndroidManifest.xml:25:9-43
42        android:icon="@mipmap/ic_launcher"
42-->src\main\AndroidManifest.xml:19:9-43
43        android:label="@string/app_name"
43-->src\main\AndroidManifest.xml:20:9-41
44        android:roundIcon="@mipmap/ic_launcher_round"
44-->src\main\AndroidManifest.xml:21:9-54
45        android:supportsRtl="true"
45-->src\main\AndroidManifest.xml:22:9-35
46        android:theme="@style/Theme.YouTubeAndroidAuto"
46-->src\main\AndroidManifest.xml:23:9-56
47        android:usesCleartextTraffic="false" >
47-->src\main\AndroidManifest.xml:24:9-45
48
49        <!-- Main Activity with WebView (phone + Android Automotive OS) -->
50        <activity
50-->src\main\AndroidManifest.xml:28:9-38:20
51            android:name="com.youtube.androidauto.browser.ui.MainBrowserActivity"
51-->src\main\AndroidManifest.xml:29:13-51
52            android:configChanges="orientation|screenSize|screenLayout"
52-->src\main\AndroidManifest.xml:31:13-72
53            android:exported="true"
53-->src\main\AndroidManifest.xml:30:13-36
54            android:theme="@style/Theme.YouTubeAndroidAuto" >
54-->src\main\AndroidManifest.xml:32:13-60
55            <intent-filter>
55-->src\main\AndroidManifest.xml:33:13-37:29
56                <action android:name="android.intent.action.MAIN" />
56-->src\main\AndroidManifest.xml:34:17-69
56-->src\main\AndroidManifest.xml:34:25-66
57
58                <category android:name="android.intent.category.LAUNCHER" />
58-->src\main\AndroidManifest.xml:35:17-77
58-->src\main\AndroidManifest.xml:35:27-74
59                <category android:name="android.intent.category.DEFAULT" />
59-->src\main\AndroidManifest.xml:36:17-76
59-->src\main\AndroidManifest.xml:36:27-73
60            </intent-filter>
61        </activity>
62
63        <!-- Android Auto Car App Service -->
64        <service
64-->src\main\AndroidManifest.xml:41:9-53:19
65            android:name="com.youtube.androidauto.browser.car.YouTubeBrowserCarAppService"
65-->src\main\AndroidManifest.xml:42:13-60
66            android:exported="true"
66-->src\main\AndroidManifest.xml:43:13-36
67            android:label="@string/app_name" >
67-->src\main\AndroidManifest.xml:44:13-45
68            <intent-filter>
68-->src\main\AndroidManifest.xml:45:13-48:29
69                <action android:name="androidx.car.app.CarAppService" />
69-->src\main\AndroidManifest.xml:46:17-73
69-->src\main\AndroidManifest.xml:46:25-70
70
71                <category android:name="androidx.car.app.category.PLACEHOLDER" />
71-->src\main\AndroidManifest.xml:47:17-82
71-->src\main\AndroidManifest.xml:47:27-79
72            </intent-filter>
73
74            <meta-data
74-->src\main\AndroidManifest.xml:50:13-52:58
75                android:name="androidx.car.app.theme"
75-->src\main\AndroidManifest.xml:51:17-54
76                android:resource="@style/Theme.CarApp" />
76-->src\main\AndroidManifest.xml:52:17-55
77        </service>
78
79        <activity
79-->[androidx.car.app:app:1.4.0] AndroidManifest.xml:31:9-34:75
80            android:name="androidx.car.app.CarAppPermissionActivity"
80-->[androidx.car.app:app:1.4.0] AndroidManifest.xml:32:13-69
81            android:exported="false"
81-->[androidx.car.app:app:1.4.0] AndroidManifest.xml:33:13-37
82            android:theme="@android:style/Theme.Translucent.NoTitleBar" />
82-->[androidx.car.app:app:1.4.0] AndroidManifest.xml:34:13-72
83
84        <receiver
84-->[androidx.car.app:app:1.4.0] AndroidManifest.xml:36:9-38:40
85            android:name="androidx.car.app.notification.CarAppNotificationBroadcastReceiver"
85-->[androidx.car.app:app:1.4.0] AndroidManifest.xml:37:13-93
86            android:exported="false" />
86-->[androidx.car.app:app:1.4.0] AndroidManifest.xml:38:13-37
87
88        <provider
88-->[androidx.emoji2:emoji2:1.2.0] AndroidManifest.xml:24:9-32:20
89            android:name="androidx.startup.InitializationProvider"
89-->[androidx.emoji2:emoji2:1.2.0] AndroidManifest.xml:25:13-67
90            android:authorities="com.youtube.androidauto.browser.androidx-startup"
90-->[androidx.emoji2:emoji2:1.2.0] AndroidManifest.xml:26:13-68
91            android:exported="false" >
91-->[androidx.emoji2:emoji2:1.2.0] AndroidManifest.xml:27:13-37
92            <meta-data
92-->[androidx.emoji2:emoji2:1.2.0] AndroidManifest.xml:29:13-31:52
93                android:name="androidx.emoji2.text.EmojiCompatInitializer"
93-->[androidx.emoji2:emoji2:1.2.0] AndroidManifest.xml:30:17-75
94                android:value="androidx.startup" />
94-->[androidx.emoji2:emoji2:1.2.0] AndroidManifest.xml:31:17-49
95            <meta-data
95-->[androidx.lifecycle:lifecycle-process:2.6.2] AndroidManifest.xml:29:13-31:52
96                android:name="androidx.lifecycle.ProcessLifecycleInitializer"
96-->[androidx.lifecycle:lifecycle-process:2.6.2] AndroidManifest.xml:30:17-78
97                android:value="androidx.startup" />
97-->[androidx.lifecycle:lifecycle-process:2.6.2] AndroidManifest.xml:31:17-49
98            <meta-data
98-->[androidx.profileinstaller:profileinstaller:1.3.0] AndroidManifest.xml:29:13-31:52
99                android:name="androidx.profileinstaller.ProfileInstallerInitializer"
99-->[androidx.profileinstaller:profileinstaller:1.3.0] AndroidManifest.xml:30:17-85
100                android:value="androidx.startup" />
100-->[androidx.profileinstaller:profileinstaller:1.3.0] AndroidManifest.xml:31:17-49
101        </provider>
102
103        <receiver
103-->[androidx.profileinstaller:profileinstaller:1.3.0] AndroidManifest.xml:34:9-52:20
104            android:name="androidx.profileinstaller.ProfileInstallReceiver"
104-->[androidx.profileinstaller:profileinstaller:1.3.0] AndroidManifest.xml:35:13-76
105            android:directBootAware="false"
105-->[androidx.profileinstaller:profileinstaller:1.3.0] AndroidManifest.xml:36:13-44
106            android:enabled="true"
106-->[androidx.profileinstaller:profileinstaller:1.3.0] AndroidManifest.xml:37:13-35
107            android:exported="true"
107-->[androidx.profileinstaller:profileinstaller:1.3.0] AndroidManifest.xml:38:13-36
108            android:permission="android.permission.DUMP" >
108-->[androidx.profileinstaller:profileinstaller:1.3.0] AndroidManifest.xml:39:13-57
109            <intent-filter>
109-->[androidx.profileinstaller:profileinstaller:1.3.0] AndroidManifest.xml:40:13-42:29
110                <action android:name="androidx.profileinstaller.action.INSTALL_PROFILE" />
110-->[androidx.profileinstaller:profileinstaller:1.3.0] AndroidManifest.xml:41:17-91
110-->[androidx.profileinstaller:profileinstaller:1.3.0] AndroidManifest.xml:41:25-88
111            </intent-filter>
112            <intent-filter>
112-->[androidx.profileinstaller:profileinstaller:1.3.0] AndroidManifest.xml:43:13-45:29
113                <action android:name="androidx.profileinstaller.action.SKIP_FILE" />
113-->[androidx.profileinstaller:profileinstaller:1.3.0] AndroidManifest.xml:44:17-85
113-->[androidx.profileinstaller:profileinstaller:1.3.0] AndroidManifest.xml:44:25-82
114            </intent-filter>
115            <intent-filter>
115-->[androidx.profileinstaller:profileinstaller:1.3.0] AndroidManifest.xml:46:13-48:29
116                <action android:name="androidx.profileinstaller.action.SAVE_PROFILE" />
116-->[androidx.profileinstaller:profileinstaller:1.3.0] AndroidManifest.xml:47:17-88
116-->[androidx.profileinstaller:profileinstaller:1.3.0] AndroidManifest.xml:47:25-85
117            </intent-filter>
118            <intent-filter>
118-->[androidx.profileinstaller:profileinstaller:1.3.0] AndroidManifest.xml:49:13-51:29
119                <action android:name="androidx.profileinstaller.action.BENCHMARK_OPERATION" />
119-->[androidx.profileinstaller:profileinstaller:1.3.0] AndroidManifest.xml:50:17-95
119-->[androidx.profileinstaller:profileinstaller:1.3.0] AndroidManifest.xml:50:25-92
120            </intent-filter>
121        </receiver>
122    </application>
123
124</manifest>